SF:lib/features/products/data/datasources/product_data_source.dart
DA:9,2
DA:12,2
DA:15,4
DA:17,2
DA:19,2
LF:5
LH:5
end_of_record
SF:lib/features/products/data/models/product_model.dart
DA:4,6
DA:8,3
DA:9,3
DA:11,3
DA:12,3
DA:13,3
DA:14,1
DA:19,4
DA:27,3
DA:28,3
DA:29,3
DA:30,3
DA:31,12
DA:32,3
DA:33,3
DA:37,0
DA:38,0
DA:39,0
DA:40,0
DA:41,0
DA:42,0
LF:21
LH:15
end_of_record
SF:lib/shared/network/api_client.dart
DA:2,1
DA:3,1
DA:4,1
DA:11,1
DA:18,1
DA:25,1
DA:34,1
LF:7
LH:7
end_of_record
SF:lib/features/products/domain/entities/product_entity.dart
DA:2,6
LF:1
LH:1
end_of_record
SF:lib/features/products/data/repositories/product_repository_impl.dart
DA:6,2
DA:10,2
DA:11,4
LF:3
LH:3
end_of_record
SF:lib/features/products/domain/usecases/get_products_usecase.dart
DA:6,2
DA:10,2
DA:12,4
LF:3
LH:3
end_of_record
SF:lib/shared/cart.dart
DA:10,1
DA:11,3
DA:14,1
DA:15,3
DA:17,1
DA:18,4
DA:19,1
DA:20,3
DA:22,4
DA:23,1
DA:25,1
DA:26,1
DA:31,1
DA:32,3
DA:34,1
DA:35,3
DA:36,3
DA:38,5
LF:18
LH:18
end_of_record
SF:lib/features/products/domain/entities/cart_item_model.dart
DA:3,1
DA:15,1
DA:21,1
DA:22,0
DA:23,1
DA:24,1
DA:25,1
LF:7
LH:6
end_of_record
SF:lib/features/products/presentation/pages/controller.dart
DA:9,1
DA:24,1
DA:26,1
DA:27,1
DA:28,1
DA:30,1
DA:31,1
DA:32,0
DA:33,0
DA:35,1
DA:39,2
DA:40,0
DA:44,1
DA:45,6
DA:46,3
DA:47,0
DA:48,0
DA:49,0
DA:50,0
DA:51,0
DA:52,0
DA:54,2
DA:55,2
DA:59,1
DA:60,2
DA:62,2
DA:63,6
DA:64,2
DA:65,3
DA:67,2
DA:71,0
DA:72,0
DA:73,0
DA:76,0
DA:77,0
DA:78,0
DA:81,0
DA:82,0
DA:83,0
DA:86,1
DA:87,1
DA:88,3
DA:89,1
DA:91,0
DA:92,0
DA:93,0
DA:96,1
DA:98,0
DA:99,0
DA:100,0
DA:102,0
DA:105,2
LF:52
LH:27
end_of_record
SF:lib/features/products/presentation/pages/page.dart
DA:9,2
DA:11,1
DA:13,1
DA:14,5
DA:15,1
DA:16,1
DA:17,1
DA:18,1
DA:19,1
DA:20,2
DA:25,2
DA:31,1
DA:32,1
DA:33,1
DA:34,1
DA:36,4
DA:38,2
LF:17
LH:17
end_of_record
SF:lib/features/products/presentation/widgets/bottom_quick_order_view.dart
DA:7,1
DA:11,1
DA:13,1
DA:14,2
DA:18,1
DA:19,1
DA:20,4
DA:21,1
DA:22,1
DA:24,1
DA:25,1
DA:32,1
DA:34,1
DA:36,1
DA:37,1
DA:38,1
DA:39,1
DA:41,1
DA:43,1
DA:44,4
DA:49,1
DA:50,1
DA:52,1
DA:57,1
DA:58,4
DA:63,1
DA:64,1
DA:66,1
DA:68,1
DA:69,4
LF:30
LH:30
end_of_record
SF:lib/features/products/presentation/widgets/product_list_view.dart
DA:8,1
DA:12,1
DA:14,1
DA:15,4
DA:16,2
DA:17,0
DA:18,0
DA:19,0
DA:20,0
DA:25,0
DA:31,0
DA:32,0
DA:33,0
DA:34,0
DA:35,0
DA:37,0
DA:38,0
DA:39,0
DA:41,0
DA:43,0
DA:45,0
DA:46,0
DA:47,0
DA:52,0
DA:54,0
DA:55,0
DA:56,0
DA:57,0
DA:58,0
DA:60,0
DA:63,0
DA:64,0
DA:67,0
DA:71,0
DA:72,0
DA:80,0
DA:81,0
DA:82,0
DA:84,0
DA:87,0
DA:88,0
DA:91,0
DA:95,0
DA:96,0
DA:109,0
DA:110,0
DA:113,0
LF:47
LH:5
end_of_record
SF:lib/features/products/presentation/widgets/search_field.dart
DA:7,1
DA:10,1
DA:11,1
DA:15,1
DA:17,1
DA:19,1
DA:20,1
DA:22,1
DA:23,1
DA:24,3
DA:25,1
DA:31,1
DA:32,1
DA:35,1
DA:36,1
DA:45,1
DA:46,2
DA:48,1
DA:49,3
DA:50,1
DA:51,2
DA:53,1
DA:54,0
DA:56,0
DA:60,4
DA:61,1
DA:62,1
DA:63,1
LF:28
LH:26
end_of_record
SF:lib/shared/theme.dart
DA:69,1
DA:70,1
DA:72,1
DA:87,1
DA:92,1
DA:93,1
DA:96,1
DA:97,1
DA:100,1
DA:101,1
DA:104,1
DA:107,1
DA:111,1
DA:112,1
DA:120,2
DA:121,1
LF:16
LH:16
end_of_record
SF:lib/main.dart
DA:12,0
DA:13,0
DA:17,3
DA:20,1
DA:22,1
DA:25,1
DA:26,1
DA:27,2
DA:28,3
DA:29,3
DA:30,2
DA:31,4
DA:34,2
DA:35,1
DA:36,3
DA:39,2
DA:40,2
DA:41,2
LF:18
LH:16
end_of_record
SF:lib/shared/app_pages.dart
DA:5,0
DA:7,3
DA:8,1
DA:11,1
LF:4
LH:3
end_of_record
